<?xml version="1.0" encoding="UTF-8"?>
<!-- Generated by org.testng.reporters.JUnitReportReporter -->
<testsuite skipped="0" hostname="PCT150" name="TestFunctions.SearchTest" tests="1" failures="0" timestamp="06 Mar 2019 08:02:35 GMT" time="0.164" errors="0">
  <testcase name="SearchText" time="0.164" classname="TestFunctions.SearchTest"/>
</testsuite> <!-- TestFunctions.SearchTest -->
